2023-03-24 08:37:54.166  INFO 79492 --- [restartedMain] com.hncj.TestApplication                 : Starting TestApplication using Java 1.8.0_291 on 新哥御用 with PID 79492 (C:\Users\14501\Desktop\Java web\项目\League management\example\target\classes started by 14501 in C:\Users\14501\Desktop\Java web\项目\League management)
2023-03-24 08:37:54.171  INFO 79492 --- [restartedMain] com.hncj.TestApplication                 : No active profile set, falling back to 1 default profile: "default"
2023-03-24 08:37:54.183  INFO 79492 --- [restartedMain] c.a.c.n.c.NacosConfigDataLoader          : [Nacos Config] Load config[dataId=common.yaml, group=DEFAULT_GROUP] success
2023-03-24 08:37:55.136  INFO 79492 --- [restartedMain] o.s.cloud.context.scope.GenericScope     : BeanFactory id=ef2f4369-0eec-3b9c-85d1-7f3e212e9c7c
2023-03-24 08:37:55.342  INFO 79492 --- [restartedMain] o.s.b.w.embedded.tomcat.TomcatWebServer  : Tomcat initialized with port(s): 9090 (http)
2023-03-24 08:37:55.343  INFO 79492 --- [restartedMain] o.apache.catalina.core.StandardService   : Starting service [Tomcat]
2023-03-24 08:37:55.343  INFO 79492 --- [restartedMain] org.apache.catalina.core.StandardEngine  : Starting Servlet engine: [Apache Tomcat/9.0.68]
2023-03-24 08:37:55.363  INFO 79492 --- [restartedMain] o.a.c.c.C.[Tomcat].[localhost].[/]       : Initializing Spring embedded WebApplicationContext
2023-03-24 08:37:55.363  INFO 79492 --- [restartedMain] w.s.c.ServletWebServerApplicationContext : Root WebApplicationContext: initialization completed in 1179 ms
2023-03-24 08:37:55.405  INFO 79492 --- [restartedMain] c.a.d.s.b.a.DruidDataSourceAutoConfigure : Init DruidDataSource
2023-03-24 08:37:55.434  INFO 79492 --- [restartedMain] com.alibaba.druid.pool.DruidDataSource   : {dataSource-9} inited
2023-03-24 08:37:55.806  INFO 79492 --- [restartedMain] o.s.b.d.a.OptionalLiveReloadServer       : LiveReload server is running on port 35729
2023-03-24 08:37:55.812  INFO 79492 --- [restartedMain] o.s.c.openfeign.FeignClientFactoryBean   : For 'hello' URL not provided. Will try picking an instance via load-balancing.
2023-03-24 08:37:56.154  INFO 79492 --- [restartedMain] c.a.c.sentinel.SentinelWebMvcConfigurer  : [Sentinel Starter] register SentinelWebInterceptor with urlPatterns: [/**].
2023-03-24 08:37:57.268  WARN 79492 --- [restartedMain] iguration$LoadBalancerCaffeineWarnLogger : Spring Cloud LoadBalancer is currently working with the default cache. While this cache implementation is useful for development and tests, it's recommended to use Caffeine cache in production.You can switch to using Caffeine cache, by adding it and org.springframework.cache.caffeine.CaffeineCacheManager to the classpath.
2023-03-24 08:37:57.293  INFO 79492 --- [restartedMain] com.alibaba.nacos.common.remote.client   : [RpcClientFactory] create a new rpc client of 1b9468a3-48a0-4f93-b21f-96713e7165e6_config-0
2023-03-24 08:37:57.294  INFO 79492 --- [restartedMain] com.alibaba.nacos.common.remote.client   : [1b9468a3-48a0-4f93-b21f-96713e7165e6_config-0] RpcClient init label, labels = {module=config, Vipserver-Tag=null, source=sdk, Amory-Tag=null, Location-Tag=null, taskId=0, AppName=unknown}
2023-03-24 08:37:57.295  INFO 79492 --- [restartedMain] com.alibaba.nacos.common.remote.client   : [1b9468a3-48a0-4f93-b21f-96713e7165e6_config-0] Register server push request handler:com.alibaba.nacos.client.config.impl.ClientWorker$ConfigRpcTransportClient$$Lambda$171/180718982
2023-03-24 08:37:57.295  INFO 79492 --- [restartedMain] com.alibaba.nacos.common.remote.client   : [1b9468a3-48a0-4f93-b21f-96713e7165e6_config-0] Register server push request handler:com.alibaba.nacos.client.config.impl.ClientWorker$ConfigRpcTransportClient$$Lambda$172/1978361584
2023-03-24 08:37:57.295  INFO 79492 --- [restartedMain] com.alibaba.nacos.common.remote.client   : [1b9468a3-48a0-4f93-b21f-96713e7165e6_config-0] Registry connection listener to current client:com.alibaba.nacos.client.config.impl.ClientWorker$ConfigRpcTransportClient$1
2023-03-24 08:37:57.295  INFO 79492 --- [restartedMain] com.alibaba.nacos.common.remote.client   : [1b9468a3-48a0-4f93-b21f-96713e7165e6_config-0] RpcClient init, ServerListFactory = com.alibaba.nacos.client.config.impl.ClientWorker$ConfigRpcTransportClient$2
2023-03-24 08:37:57.295  INFO 79492 --- [restartedMain] com.alibaba.nacos.common.remote.client   : [1b9468a3-48a0-4f93-b21f-96713e7165e6_config-0] Try to connect to server on start up, server: {serverIp = 'localhost', server main port = 8848}
2023-03-24 08:37:57.473  INFO 79492 --- [restartedMain] com.alibaba.nacos.common.remote.client   : [1b9468a3-48a0-4f93-b21f-96713e7165e6_config-0] Success to connect to server [localhost:8848] on start up, connectionId = 1679618277332_127.0.0.1_55153
2023-03-24 08:37:57.473  INFO 79492 --- [restartedMain] com.alibaba.nacos.common.remote.client   : [1b9468a3-48a0-4f93-b21f-96713e7165e6_config-0] Register server push request handler:com.alibaba.nacos.common.remote.client.RpcClient$ConnectResetRequestHandler
2023-03-24 08:37:57.473  INFO 79492 --- [restartedMain] com.alibaba.nacos.common.remote.client   : [1b9468a3-48a0-4f93-b21f-96713e7165e6_config-0] Register server push request handler:com.alibaba.nacos.common.remote.client.RpcClient$$Lambda$185/511714864
2023-03-24 08:37:57.473  INFO 79492 --- [com.alibaba.nacos.client.remote.worker] com.alibaba.nacos.common.remote.client   : [1b9468a3-48a0-4f93-b21f-96713e7165e6_config-0] Notify connected event to listeners.
2023-03-24 08:37:57.499  INFO 79492 --- [restartedMain] com.alibaba.nacos.common.remote.client   : [RpcClientFactory] create a new rpc client of 69b3f002-ae98-4253-a061-341d252f2c91
2023-03-24 08:37:57.500  INFO 79492 --- [restartedMain] com.alibaba.nacos.common.remote.client   : [69b3f002-ae98-4253-a061-341d252f2c91] RpcClient init label, labels = {module=naming, source=sdk}
2023-03-24 08:37:57.500  INFO 79492 --- [restartedMain] com.alibaba.nacos.common.remote.client   : [69b3f002-ae98-4253-a061-341d252f2c91] RpcClient init, ServerListFactory = com.alibaba.nacos.client.naming.core.ServerListManager
2023-03-24 08:37:57.501  INFO 79492 --- [restartedMain] com.alibaba.nacos.common.remote.client   : [69b3f002-ae98-4253-a061-341d252f2c91] Registry connection listener to current client:com.alibaba.nacos.client.naming.remote.gprc.redo.NamingGrpcRedoService
2023-03-24 08:37:57.501  INFO 79492 --- [restartedMain] com.alibaba.nacos.common.remote.client   : [69b3f002-ae98-4253-a061-341d252f2c91] Register server push request handler:com.alibaba.nacos.client.naming.remote.gprc.NamingPushRequestHandler
2023-03-24 08:37:57.501  INFO 79492 --- [restartedMain] com.alibaba.nacos.common.remote.client   : [69b3f002-ae98-4253-a061-341d252f2c91] Try to connect to server on start up, server: {serverIp = 'localhost', server main port = 8848}
2023-03-24 08:37:57.652  INFO 79492 --- [restartedMain] com.alibaba.nacos.common.remote.client   : [69b3f002-ae98-4253-a061-341d252f2c91] Success to connect to server [localhost:8848] on start up, connectionId = 1679618277508_127.0.0.1_55154
2023-03-24 08:37:57.653  INFO 79492 --- [com.alibaba.nacos.client.remote.worker] com.alibaba.nacos.common.remote.client   : [69b3f002-ae98-4253-a061-341d252f2c91] Notify connected event to listeners.
2023-03-24 08:37:57.653  INFO 79492 --- [restartedMain] com.alibaba.nacos.common.remote.client   : [69b3f002-ae98-4253-a061-341d252f2c91] Register server push request handler:com.alibaba.nacos.common.remote.client.RpcClient$ConnectResetRequestHandler
2023-03-24 08:37:58.017  INFO 79492 --- [restartedMain] com.alibaba.nacos.common.remote.client   : [69b3f002-ae98-4253-a061-341d252f2c91] Register server push request handler:com.alibaba.nacos.common.remote.client.RpcClient$$Lambda$185/511714864
2023-03-24 08:37:59.536  INFO 79492 --- [restartedMain] o.s.b.w.embedded.tomcat.TomcatWebServer  : Tomcat started on port(s): 9090 (http) with context path ''
2023-03-24 08:38:00.620  INFO 79492 --- [restartedMain] c.a.c.n.registry.NacosServiceRegistry    : nacos registry, DEFAULT_GROUP test 192.168.198.1:9090 register finished
2023-03-24 08:38:00.631  INFO 79492 --- [nacos-grpc-client-executor-4] com.alibaba.nacos.common.remote.client   : [69b3f002-ae98-4253-a061-341d252f2c91] Receive server push request, request = NotifySubscriberRequest, requestId = 632
2023-03-24 08:38:00.632  INFO 79492 --- [nacos-grpc-client-executor-4] com.alibaba.nacos.common.remote.client   : [69b3f002-ae98-4253-a061-341d252f2c91] Ack server push request, request = NotifySubscriberRequest, requestId = 632
2023-03-24 08:38:00.650  INFO 79492 --- [nacos-grpc-client-executor-6] com.alibaba.nacos.common.remote.client   : [69b3f002-ae98-4253-a061-341d252f2c91] Receive server push request, request = NotifySubscriberRequest, requestId = 633
2023-03-24 08:38:00.652  INFO 79492 --- [nacos-grpc-client-executor-6] com.alibaba.nacos.common.remote.client   : [69b3f002-ae98-4253-a061-341d252f2c91] Ack server push request, request = NotifySubscriberRequest, requestId = 633
2023-03-24 08:38:01.026  INFO 79492 --- [restartedMain] com.hncj.TestApplication                 : Started TestApplication in 11.662 seconds (JVM running for 45689.594)
2023-03-24 08:38:01.027  INFO 79492 --- [restartedMain] c.a.c.n.refresh.NacosContextRefresher    : [Nacos Config] Listening config: dataId=common.yaml, group=DEFAULT_GROUP
2023-03-24 08:38:01.031  INFO 79492 --- [restartedMain] .ConditionEvaluationDeltaLoggingListener : Condition evaluation unchanged
2023-03-24 08:45:13.016  INFO 79492 --- [File Watcher] rtingClassPathChangeChangedEventListener : Restarting due to 20 class path changes (0 additions, 20 deletions, 0 modifications)
2023-03-24 08:45:19.651  INFO 79492 --- [Thread-151] o.apache.catalina.core.StandardService   : Stopping service [Tomcat]
2023-03-24 08:45:19.739  INFO 79492 --- [com.alibaba.nacos.client.remote.worker] com.alibaba.nacos.common.remote.client   : [c922cbb2-48f1-4310-8e75-6ceca74418b8_config-0] Server healthy check fail, currentConnection = 1679579570590_127.0.0.1_63278
2023-03-24 08:45:19.740  INFO 79492 --- [com.alibaba.nacos.client.remote.worker] com.alibaba.nacos.common.remote.client   : [c922cbb2-48f1-4310-8e75-6ceca74418b8_config-0] Try to reconnect to a new server, server is  not appointed, will choose a random server.
2023-03-24 08:45:19.784  INFO 79492 --- [Thread-151] c.a.c.n.registry.NacosServiceRegistry    : De-registering from Nacos Server now...
2023-03-24 08:45:19.808  INFO 79492 --- [Thread-151] c.a.c.n.registry.NacosServiceRegistry    : De-registration finished.
2023-03-24 08:45:19.933  INFO 79492 --- [com.alibaba.nacos.client.remote.worker] com.alibaba.nacos.common.remote.client   : [c922cbb2-48f1-4310-8e75-6ceca74418b8_config-0] Success to connect a server [localhost:8848], connectionId = 1679618719797_127.0.0.1_52350
2023-03-24 08:45:19.934  INFO 79492 --- [com.alibaba.nacos.client.remote.worker] com.alibaba.nacos.common.remote.client   : [c922cbb2-48f1-4310-8e75-6ceca74418b8_config-0] Abandon prev connection, server is localhost:8848, connectionId is 1679579570590_127.0.0.1_63278
2023-03-24 08:45:19.934  INFO 79492 --- [com.alibaba.nacos.client.remote.worker] com.alibaba.nacos.common.remote.client   : Close current connection 1679579570590_127.0.0.1_63278
2023-03-24 08:45:19.935  INFO 79492 --- [com.alibaba.nacos.client.remote.worker] com.alibaba.nacos.common.remote.client   : [c922cbb2-48f1-4310-8e75-6ceca74418b8_config-0] Notify disconnected event to listeners
2023-03-24 08:45:19.936  INFO 79492 --- [com.alibaba.nacos.client.remote.worker] com.alibaba.nacos.common.remote.client   : [c922cbb2-48f1-4310-8e75-6ceca74418b8_config-0] Notify connected event to listeners.
2023-03-24 08:45:19.953  WARN 79492 --- [nacos-grpc-client-executor-7837] c.a.n.c.remote.client.grpc.GrpcClient    : [1679579570590_127.0.0.1_63278]Ignore error event,isRunning:true,isAbandon=true
2023-03-24 08:45:20.158  INFO 79492 --- [Thread-151] com.alibaba.nacos.common.remote.client   : Shutdown rpc client, set status to shutdown
2023-03-24 08:45:20.158  INFO 79492 --- [Thread-151] com.alibaba.nacos.common.remote.client   : Shutdown client event executor java.util.concurrent.ScheduledThreadPoolExecutor@5966ff10[Running, pool size = 2, active threads = 2, queued tasks = 0, completed tasks = 0]
2023-03-24 08:45:20.158  INFO 79492 --- [Thread-151] com.alibaba.nacos.common.remote.client   : Close current connection 1679618277508_127.0.0.1_55154
2023-03-24 08:45:20.158  INFO 79492 --- [Thread-151] c.a.n.c.remote.client.grpc.GrpcClient    : Shutdown grpc executor java.util.concurrent.ThreadPoolExecutor@ce8ccc7[Running, pool size = 4, active threads = 0, queued tasks = 0, completed tasks = 97]
2023-03-24 08:45:20.163  INFO 79492 --- [Thread-151] com.alibaba.druid.pool.DruidDataSource   : {dataSource-9} closing ...
2023-03-24 08:45:20.164  INFO 79492 --- [Thread-151] com.alibaba.druid.pool.DruidDataSource   : {dataSource-9} closed
2023-03-24 08:45:21.139 ERROR 79492 --- [restartedMain] o.s.b.d.LoggingFailureAnalysisReporter   : 

***************************
APPLICATION FAILED TO START
***************************

Description:

No spring.config.import property has been defined

Action:

Add a spring.config.import=nacos: property to your configuration.
	If configuration is not required add spring.config.import=optional:nacos: instead.
	To disable this check, set spring.cloud.nacos.config.import-check.enabled=false.

2023-03-24 08:46:04.638  INFO 79492 --- [restartedMain] com.hncj.TestApplication                 : Starting TestApplication using Java 1.8.0_291 on 新哥御用 with PID 79492 (C:\Users\14501\Desktop\Java web\项目\League management\example\target\classes started by 14501 in C:\Users\14501\Desktop\Java web\项目\League management)
2023-03-24 08:46:04.638  INFO 79492 --- [restartedMain] com.hncj.TestApplication                 : No active profile set, falling back to 1 default profile: "default"
2023-03-24 08:46:04.706  INFO 79492 --- [restartedMain] c.a.c.n.c.NacosConfigDataLoader          : [Nacos Config] Load config[dataId=common.yaml, group=DEFAULT_GROUP] success
2023-03-24 08:46:06.455  INFO 79492 --- [restartedMain] o.s.cloud.context.scope.GenericScope     : BeanFactory id=ef2f4369-0eec-3b9c-85d1-7f3e212e9c7c
2023-03-24 08:46:06.632  INFO 79492 --- [restartedMain] o.s.b.w.embedded.tomcat.TomcatWebServer  : Tomcat initialized with port(s): 9090 (http)
2023-03-24 08:46:06.633  INFO 79492 --- [restartedMain] o.apache.catalina.core.StandardService   : Starting service [Tomcat]
2023-03-24 08:46:06.633  INFO 79492 --- [restartedMain] org.apache.catalina.core.StandardEngine  : Starting Servlet engine: [Apache Tomcat/9.0.68]
2023-03-24 08:46:06.657  INFO 79492 --- [restartedMain] o.a.c.c.C.[Tomcat].[localhost].[/]       : Initializing Spring embedded WebApplicationContext
2023-03-24 08:46:06.657  INFO 79492 --- [restartedMain] w.s.c.ServletWebServerApplicationContext : Root WebApplicationContext: initialization completed in 1950 ms
2023-03-24 08:46:06.696  INFO 79492 --- [restartedMain] c.a.d.s.b.a.DruidDataSourceAutoConfigure : Init DruidDataSource
2023-03-24 08:46:06.737  INFO 79492 --- [restartedMain] com.alibaba.druid.pool.DruidDataSource   : {dataSource-10} inited
2023-03-24 08:46:07.090  INFO 79492 --- [restartedMain] o.s.b.d.a.OptionalLiveReloadServer       : LiveReload server is running on port 35729
2023-03-24 08:46:07.093  INFO 79492 --- [restartedMain] o.s.c.openfeign.FeignClientFactoryBean   : For 'hello' URL not provided. Will try picking an instance via load-balancing.
2023-03-24 08:46:07.263  INFO 79492 --- [restartedMain] c.a.c.sentinel.SentinelWebMvcConfigurer  : [Sentinel Starter] register SentinelWebInterceptor with urlPatterns: [/**].
2023-03-24 08:46:08.196  WARN 79492 --- [restartedMain] iguration$LoadBalancerCaffeineWarnLogger : Spring Cloud LoadBalancer is currently working with the default cache. While this cache implementation is useful for development and tests, it's recommended to use Caffeine cache in production.You can switch to using Caffeine cache, by adding it and org.springframework.cache.caffeine.CaffeineCacheManager to the classpath.
2023-03-24 08:46:08.215  INFO 79492 --- [com.alibaba.nacos.client.Worker] com.alibaba.nacos.common.remote.client   : [RpcClientFactory] create a new rpc client of f4100751-e05d-4b71-b991-6de3408d3d64_config-0
2023-03-24 08:46:08.220  INFO 79492 --- [com.alibaba.nacos.client.Worker] com.alibaba.nacos.common.remote.client   : [f4100751-e05d-4b71-b991-6de3408d3d64_config-0] RpcClient init label, labels = {module=config, Vipserver-Tag=null, source=sdk, Amory-Tag=null, Location-Tag=null, taskId=0, AppName=unknown}
2023-03-24 08:46:08.220  INFO 79492 --- [com.alibaba.nacos.client.Worker] com.alibaba.nacos.common.remote.client   : [f4100751-e05d-4b71-b991-6de3408d3d64_config-0] Register server push request handler:com.alibaba.nacos.client.config.impl.ClientWorker$ConfigRpcTransportClient$$Lambda$171/180718982
2023-03-24 08:46:08.220  INFO 79492 --- [com.alibaba.nacos.client.Worker] com.alibaba.nacos.common.remote.client   : [f4100751-e05d-4b71-b991-6de3408d3d64_config-0] Register server push request handler:com.alibaba.nacos.client.config.impl.ClientWorker$ConfigRpcTransportClient$$Lambda$172/1978361584
2023-03-24 08:46:08.220  INFO 79492 --- [com.alibaba.nacos.client.Worker] com.alibaba.nacos.common.remote.client   : [f4100751-e05d-4b71-b991-6de3408d3d64_config-0] Registry connection listener to current client:com.alibaba.nacos.client.config.impl.ClientWorker$ConfigRpcTransportClient$1
2023-03-24 08:46:08.220  INFO 79492 --- [com.alibaba.nacos.client.Worker] com.alibaba.nacos.common.remote.client   : [f4100751-e05d-4b71-b991-6de3408d3d64_config-0] RpcClient init, ServerListFactory = com.alibaba.nacos.client.config.impl.ClientWorker$ConfigRpcTransportClient$2
2023-03-24 08:46:08.221  INFO 79492 --- [com.alibaba.nacos.client.Worker] com.alibaba.nacos.common.remote.client   : [f4100751-e05d-4b71-b991-6de3408d3d64_config-0] Try to connect to server on start up, server: {serverIp = 'localhost', server main port = 8848}
2023-03-24 08:46:08.342  INFO 79492 --- [com.alibaba.nacos.client.Worker] com.alibaba.nacos.common.remote.client   : [f4100751-e05d-4b71-b991-6de3408d3d64_config-0] Success to connect to server [localhost:8848] on start up, connectionId = 1679618768234_127.0.0.1_52460
2023-03-24 08:46:08.342  INFO 79492 --- [com.alibaba.nacos.client.Worker] com.alibaba.nacos.common.remote.client   : [f4100751-e05d-4b71-b991-6de3408d3d64_config-0] Register server push request handler:com.alibaba.nacos.common.remote.client.RpcClient$ConnectResetRequestHandler
2023-03-24 08:46:08.342  INFO 79492 --- [com.alibaba.nacos.client.remote.worker] com.alibaba.nacos.common.remote.client   : [f4100751-e05d-4b71-b991-6de3408d3d64_config-0] Notify connected event to listeners.
2023-03-24 08:46:08.342  INFO 79492 --- [com.alibaba.nacos.client.Worker] com.alibaba.nacos.common.remote.client   : [f4100751-e05d-4b71-b991-6de3408d3d64_config-0] Register server push request handler:com.alibaba.nacos.common.remote.client.RpcClient$$Lambda$185/511714864
2023-03-24 08:46:08.358  INFO 79492 --- [restartedMain] com.alibaba.nacos.common.remote.client   : [RpcClientFactory] create a new rpc client of 24a9cb21-adf7-4868-b5d4-36f310baaec8
2023-03-24 08:46:08.359  INFO 79492 --- [restartedMain] com.alibaba.nacos.common.remote.client   : [24a9cb21-adf7-4868-b5d4-36f310baaec8] RpcClient init label, labels = {module=naming, source=sdk}
2023-03-24 08:46:08.360  INFO 79492 --- [restartedMain] com.alibaba.nacos.common.remote.client   : [24a9cb21-adf7-4868-b5d4-36f310baaec8] RpcClient init, ServerListFactory = com.alibaba.nacos.client.naming.core.ServerListManager
2023-03-24 08:46:08.360  INFO 79492 --- [restartedMain] com.alibaba.nacos.common.remote.client   : [24a9cb21-adf7-4868-b5d4-36f310baaec8] Registry connection listener to current client:com.alibaba.nacos.client.naming.remote.gprc.redo.NamingGrpcRedoService
2023-03-24 08:46:08.360  INFO 79492 --- [restartedMain] com.alibaba.nacos.common.remote.client   : [24a9cb21-adf7-4868-b5d4-36f310baaec8] Register server push request handler:com.alibaba.nacos.client.naming.remote.gprc.NamingPushRequestHandler
2023-03-24 08:46:08.360  INFO 79492 --- [restartedMain] com.alibaba.nacos.common.remote.client   : [24a9cb21-adf7-4868-b5d4-36f310baaec8] Try to connect to server on start up, server: {serverIp = 'localhost', server main port = 8848}
2023-03-24 08:46:08.469  INFO 79492 --- [restartedMain] com.alibaba.nacos.common.remote.client   : [24a9cb21-adf7-4868-b5d4-36f310baaec8] Success to connect to server [localhost:8848] on start up, connectionId = 1679618768364_127.0.0.1_52461
2023-03-24 08:46:08.469  INFO 79492 --- [restartedMain] com.alibaba.nacos.common.remote.client   : [24a9cb21-adf7-4868-b5d4-36f310baaec8] Register server push request handler:com.alibaba.nacos.common.remote.client.RpcClient$ConnectResetRequestHandler
2023-03-24 08:46:08.469  INFO 79492 --- [restartedMain] com.alibaba.nacos.common.remote.client   : [24a9cb21-adf7-4868-b5d4-36f310baaec8] Register server push request handler:com.alibaba.nacos.common.remote.client.RpcClient$$Lambda$185/511714864
2023-03-24 08:46:08.469  INFO 79492 --- [com.alibaba.nacos.client.remote.worker] com.alibaba.nacos.common.remote.client   : [24a9cb21-adf7-4868-b5d4-36f310baaec8] Notify connected event to listeners.
2023-03-24 08:46:08.479  INFO 79492 --- [restartedMain] o.s.b.w.embedded.tomcat.TomcatWebServer  : Tomcat started on port(s): 9090 (http) with context path ''
2023-03-24 08:46:08.488  INFO 79492 --- [restartedMain] c.a.c.n.registry.NacosServiceRegistry    : nacos registry, DEFAULT_GROUP test 192.168.198.1:9090 register finished
2023-03-24 08:46:08.916  INFO 79492 --- [restartedMain] com.hncj.TestApplication                 : Started TestApplication in 8.795 seconds (JVM running for 46177.483)
2023-03-24 08:46:08.917  INFO 79492 --- [restartedMain] c.a.c.n.refresh.NacosContextRefresher    : [Nacos Config] Listening config: dataId=common.yaml, group=DEFAULT_GROUP
2023-03-24 08:46:08.919  INFO 79492 --- [restartedMain] .ConditionEvaluationDeltaLoggingListener : Condition evaluation unchanged
2023-03-24 08:46:09.081  INFO 79492 --- [nacos-grpc-client-executor-5] com.alibaba.nacos.common.remote.client   : [24a9cb21-adf7-4868-b5d4-36f310baaec8] Receive server push request, request = NotifySubscriberRequest, requestId = 634
2023-03-24 08:46:09.082  INFO 79492 --- [nacos-grpc-client-executor-5] com.alibaba.nacos.common.remote.client   : [24a9cb21-adf7-4868-b5d4-36f310baaec8] Ack server push request, request = NotifySubscriberRequest, requestId = 634
2023-03-24 08:47:34.406  INFO 79492 --- [File Watcher] rtingClassPathChangeChangedEventListener : Restarting due to 20 class path changes (0 additions, 20 deletions, 0 modifications)
2023-03-24 08:47:37.266  INFO 79492 --- [Thread-181] o.apache.catalina.core.StandardService   : Stopping service [Tomcat]
2023-03-24 08:47:37.446  INFO 79492 --- [Thread-181] c.a.c.n.registry.NacosServiceRegistry    : De-registering from Nacos Server now...
2023-03-24 08:47:37.519  INFO 79492 --- [Thread-181] c.a.c.n.registry.NacosServiceRegistry    : De-registration finished.
2023-03-24 08:47:37.918  INFO 79492 --- [Thread-181] com.alibaba.nacos.common.remote.client   : Shutdown rpc client, set status to shutdown
2023-03-24 08:47:37.918  INFO 79492 --- [Thread-181] com.alibaba.nacos.common.remote.client   : Shutdown client event executor java.util.concurrent.ScheduledThreadPoolExecutor@138f11d9[Running, pool size = 2, active threads = 2, queued tasks = 0, completed tasks = 0]
2023-03-24 08:47:37.918  INFO 79492 --- [Thread-181] com.alibaba.nacos.common.remote.client   : Close current connection 1679618768364_127.0.0.1_52461
2023-03-24 08:47:37.919  INFO 79492 --- [Thread-181] c.a.n.c.remote.client.grpc.GrpcClient    : Shutdown grpc executor java.util.concurrent.ThreadPoolExecutor@4931901e[Running, pool size = 4, active threads = 0, queued tasks = 0, completed tasks = 25]
2023-03-24 08:47:38.066  WARN 79492 --- [nacos-grpc-client-executor-25] c.a.n.c.remote.client.grpc.GrpcClient    : [1679618768364_127.0.0.1_52461]Ignore error event,isRunning:false,isAbandon=false
2023-03-24 08:47:38.070  INFO 79492 --- [Thread-181] com.alibaba.druid.pool.DruidDataSource   : {dataSource-10} closing ...
2023-03-24 08:47:38.072  INFO 79492 --- [Thread-181] com.alibaba.druid.pool.DruidDataSource   : {dataSource-10} closed
2023-03-24 08:47:40.286 ERROR 79492 --- [restartedMain] o.s.b.d.LoggingFailureAnalysisReporter   : 

***************************
APPLICATION FAILED TO START
***************************

Description:

No spring.config.import property has been defined

Action:

Add a spring.config.import=nacos: property to your configuration.
	If configuration is not required add spring.config.import=optional:nacos: instead.
	To disable this check, set spring.cloud.nacos.config.import-check.enabled=false.

2023-03-24 08:48:21.682  INFO 79492 --- [restartedMain] com.hncj.TestApplication                 : Starting TestApplication using Java 1.8.0_291 on 新哥御用 with PID 79492 (C:\Users\14501\Desktop\Java web\项目\League management\example\target\classes started by 14501 in C:\Users\14501\Desktop\Java web\项目\League management)
2023-03-24 08:48:21.682  INFO 79492 --- [restartedMain] com.hncj.TestApplication                 : No active profile set, falling back to 1 default profile: "default"
2023-03-24 08:48:21.697  INFO 79492 --- [restartedMain] c.a.c.n.c.NacosConfigDataLoader          : [Nacos Config] Load config[dataId=common.yaml, group=DEFAULT_GROUP] success
2023-03-24 08:48:23.250  INFO 79492 --- [restartedMain] o.s.cloud.context.scope.GenericScope     : BeanFactory id=ef2f4369-0eec-3b9c-85d1-7f3e212e9c7c
2023-03-24 08:48:23.414  INFO 79492 --- [restartedMain] o.s.b.w.embedded.tomcat.TomcatWebServer  : Tomcat initialized with port(s): 9090 (http)
2023-03-24 08:48:23.415  INFO 79492 --- [restartedMain] o.apache.catalina.core.StandardService   : Starting service [Tomcat]
2023-03-24 08:48:23.415  INFO 79492 --- [restartedMain] org.apache.catalina.core.StandardEngine  : Starting Servlet engine: [Apache Tomcat/9.0.68]
2023-03-24 08:48:23.439  INFO 79492 --- [restartedMain] o.a.c.c.C.[Tomcat-2].[localhost].[/]     : Initializing Spring embedded WebApplicationContext
2023-03-24 08:48:23.439  INFO 79492 --- [restartedMain] w.s.c.ServletWebServerApplicationContext : Root WebApplicationContext: initialization completed in 1742 ms
2023-03-24 08:48:23.481  INFO 79492 --- [restartedMain] c.a.d.s.b.a.DruidDataSourceAutoConfigure : Init DruidDataSource
2023-03-24 08:48:23.515  INFO 79492 --- [restartedMain] com.alibaba.druid.pool.DruidDataSource   : {dataSource-11} inited
2023-03-24 08:48:25.868  INFO 79492 --- [restartedMain] o.s.b.d.a.OptionalLiveReloadServer       : LiveReload server is running on port 35729
2023-03-24 08:48:25.873  INFO 79492 --- [restartedMain] o.s.c.openfeign.FeignClientFactoryBean   : For 'hello' URL not provided. Will try picking an instance via load-balancing.
2023-03-24 08:48:26.337  INFO 79492 --- [restartedMain] c.a.c.sentinel.SentinelWebMvcConfigurer  : [Sentinel Starter] register SentinelWebInterceptor with urlPatterns: [/**].
2023-03-24 08:48:27.342  WARN 79492 --- [restartedMain] iguration$LoadBalancerCaffeineWarnLogger : Spring Cloud LoadBalancer is currently working with the default cache. While this cache implementation is useful for development and tests, it's recommended to use Caffeine cache in production.You can switch to using Caffeine cache, by adding it and org.springframework.cache.caffeine.CaffeineCacheManager to the classpath.
2023-03-24 08:48:27.361  INFO 79492 --- [com.alibaba.nacos.client.Worker] com.alibaba.nacos.common.remote.client   : [RpcClientFactory] create a new rpc client of 80700375-2315-4a14-8971-47146cf7a9e4_config-0
2023-03-24 08:48:27.364  INFO 79492 --- [com.alibaba.nacos.client.Worker] com.alibaba.nacos.common.remote.client   : [80700375-2315-4a14-8971-47146cf7a9e4_config-0] RpcClient init label, labels = {module=config, Vipserver-Tag=null, source=sdk, Amory-Tag=null, Location-Tag=null, taskId=0, AppName=unknown}
2023-03-24 08:48:27.364  INFO 79492 --- [com.alibaba.nacos.client.Worker] com.alibaba.nacos.common.remote.client   : [80700375-2315-4a14-8971-47146cf7a9e4_config-0] Register server push request handler:com.alibaba.nacos.client.config.impl.ClientWorker$ConfigRpcTransportClient$$Lambda$171/180718982
2023-03-24 08:48:27.364  INFO 79492 --- [com.alibaba.nacos.client.Worker] com.alibaba.nacos.common.remote.client   : [80700375-2315-4a14-8971-47146cf7a9e4_config-0] Register server push request handler:com.alibaba.nacos.client.config.impl.ClientWorker$ConfigRpcTransportClient$$Lambda$172/1978361584
2023-03-24 08:48:27.364  INFO 79492 --- [com.alibaba.nacos.client.Worker] com.alibaba.nacos.common.remote.client   : [80700375-2315-4a14-8971-47146cf7a9e4_config-0] Registry connection listener to current client:com.alibaba.nacos.client.config.impl.ClientWorker$ConfigRpcTransportClient$1
2023-03-24 08:48:27.364  INFO 79492 --- [com.alibaba.nacos.client.Worker] com.alibaba.nacos.common.remote.client   : [80700375-2315-4a14-8971-47146cf7a9e4_config-0] RpcClient init, ServerListFactory = com.alibaba.nacos.client.config.impl.ClientWorker$ConfigRpcTransportClient$2
2023-03-24 08:48:27.364  INFO 79492 --- [com.alibaba.nacos.client.Worker] com.alibaba.nacos.common.remote.client   : [80700375-2315-4a14-8971-47146cf7a9e4_config-0] Try to connect to server on start up, server: {serverIp = 'localhost', server main port = 8848}
2023-03-24 08:48:27.493  INFO 79492 --- [com.alibaba.nacos.client.Worker] com.alibaba.nacos.common.remote.client   : [80700375-2315-4a14-8971-47146cf7a9e4_config-0] Success to connect to server [localhost:8848] on start up, connectionId = 1679618907376_127.0.0.1_52780
2023-03-24 08:48:27.493  INFO 79492 --- [com.alibaba.nacos.client.Worker] com.alibaba.nacos.common.remote.client   : [80700375-2315-4a14-8971-47146cf7a9e4_config-0] Register server push request handler:com.alibaba.nacos.common.remote.client.RpcClient$ConnectResetRequestHandler
2023-03-24 08:48:27.493  INFO 79492 --- [com.alibaba.nacos.client.remote.worker] com.alibaba.nacos.common.remote.client   : [80700375-2315-4a14-8971-47146cf7a9e4_config-0] Notify connected event to listeners.
2023-03-24 08:48:27.493  INFO 79492 --- [com.alibaba.nacos.client.Worker] com.alibaba.nacos.common.remote.client   : [80700375-2315-4a14-8971-47146cf7a9e4_config-0] Register server push request handler:com.alibaba.nacos.common.remote.client.RpcClient$$Lambda$185/511714864
2023-03-24 08:48:27.508  INFO 79492 --- [restartedMain] com.alibaba.nacos.common.remote.client   : [RpcClientFactory] create a new rpc client of 86e1eb43-c8e9-4c0d-993b-1b5cbf16a0f7
2023-03-24 08:48:27.510  INFO 79492 --- [restartedMain] com.alibaba.nacos.common.remote.client   : [86e1eb43-c8e9-4c0d-993b-1b5cbf16a0f7] RpcClient init label, labels = {module=naming, source=sdk}
2023-03-24 08:48:27.510  INFO 79492 --- [restartedMain] com.alibaba.nacos.common.remote.client   : [86e1eb43-c8e9-4c0d-993b-1b5cbf16a0f7] RpcClient init, ServerListFactory = com.alibaba.nacos.client.naming.core.ServerListManager
2023-03-24 08:48:27.510  INFO 79492 --- [restartedMain] com.alibaba.nacos.common.remote.client   : [86e1eb43-c8e9-4c0d-993b-1b5cbf16a0f7] Registry connection listener to current client:com.alibaba.nacos.client.naming.remote.gprc.redo.NamingGrpcRedoService
2023-03-24 08:48:27.510  INFO 79492 --- [restartedMain] com.alibaba.nacos.common.remote.client   : [86e1eb43-c8e9-4c0d-993b-1b5cbf16a0f7] Register server push request handler:com.alibaba.nacos.client.naming.remote.gprc.NamingPushRequestHandler
2023-03-24 08:48:27.511  INFO 79492 --- [restartedMain] com.alibaba.nacos.common.remote.client   : [86e1eb43-c8e9-4c0d-993b-1b5cbf16a0f7] Try to connect to server on start up, server: {serverIp = 'localhost', server main port = 8848}
2023-03-24 08:48:27.618  INFO 79492 --- [restartedMain] com.alibaba.nacos.common.remote.client   : [86e1eb43-c8e9-4c0d-993b-1b5cbf16a0f7] Success to connect to server [localhost:8848] on start up, connectionId = 1679618907514_127.0.0.1_52781
2023-03-24 08:48:27.618  INFO 79492 --- [restartedMain] com.alibaba.nacos.common.remote.client   : [86e1eb43-c8e9-4c0d-993b-1b5cbf16a0f7] Register server push request handler:com.alibaba.nacos.common.remote.client.RpcClient$ConnectResetRequestHandler
2023-03-24 08:48:27.618  INFO 79492 --- [restartedMain] com.alibaba.nacos.common.remote.client   : [86e1eb43-c8e9-4c0d-993b-1b5cbf16a0f7] Register server push request handler:com.alibaba.nacos.common.remote.client.RpcClient$$Lambda$185/511714864
2023-03-24 08:48:27.618  INFO 79492 --- [com.alibaba.nacos.client.remote.worker] com.alibaba.nacos.common.remote.client   : [86e1eb43-c8e9-4c0d-993b-1b5cbf16a0f7] Notify connected event to listeners.
2023-03-24 08:48:27.623  INFO 79492 --- [restartedMain] o.s.b.w.embedded.tomcat.TomcatWebServer  : Tomcat started on port(s): 9090 (http) with context path ''
2023-03-24 08:48:27.624  INFO 79492 --- [restartedMain] c.a.c.n.registry.NacosServiceRegistry    : nacos registry, DEFAULT_GROUP test 192.168.198.1:9090 register finished
2023-03-24 08:48:27.959  INFO 79492 --- [restartedMain] com.hncj.TestApplication                 : Started TestApplication in 9.852 seconds (JVM running for 46316.525)
2023-03-24 08:48:27.959  INFO 79492 --- [restartedMain] c.a.c.n.refresh.NacosContextRefresher    : [Nacos Config] Listening config: dataId=common.yaml, group=DEFAULT_GROUP
2023-03-24 08:48:27.960  INFO 79492 --- [restartedMain] .ConditionEvaluationDeltaLoggingListener : Condition evaluation unchanged
2023-03-24 08:48:28.212  INFO 79492 --- [nacos-grpc-client-executor-5] com.alibaba.nacos.common.remote.client   : [86e1eb43-c8e9-4c0d-993b-1b5cbf16a0f7] Receive server push request, request = NotifySubscriberRequest, requestId = 635
2023-03-24 08:48:28.213  INFO 79492 --- [nacos-grpc-client-executor-5] com.alibaba.nacos.common.remote.client   : [86e1eb43-c8e9-4c0d-993b-1b5cbf16a0f7] Ack server push request, request = NotifySubscriberRequest, requestId = 635
2023-03-24 09:36:43.980  INFO 79492 --- [File Watcher] rtingClassPathChangeChangedEventListener : Restarting due to 1 class path change (0 additions, 0 deletions, 1 modification)
2023-03-24 09:36:45.467  INFO 79492 --- [Thread-214] o.apache.catalina.core.StandardService   : Stopping service [Tomcat]
2023-03-24 09:36:45.531  INFO 79492 --- [Thread-214] c.a.c.n.registry.NacosServiceRegistry    : De-registering from Nacos Server now...
2023-03-24 09:36:45.535  INFO 79492 --- [Thread-214] c.a.c.n.registry.NacosServiceRegistry    : De-registration finished.
2023-03-24 09:36:45.868  INFO 79492 --- [Thread-214] com.alibaba.nacos.common.remote.client   : Shutdown rpc client, set status to shutdown
2023-03-24 09:36:45.868  INFO 79492 --- [Thread-214] com.alibaba.nacos.common.remote.client   : Shutdown client event executor java.util.concurrent.ScheduledThreadPoolExecutor@66fee53e[Running, pool size = 2, active threads = 2, queued tasks = 0, completed tasks = 0]
2023-03-24 09:36:45.869  INFO 79492 --- [Thread-214] com.alibaba.nacos.common.remote.client   : Close current connection 1679618907514_127.0.0.1_52781
2023-03-24 09:36:45.870  INFO 79492 --- [nacos-grpc-client-executor-597] c.a.n.c.remote.client.grpc.GrpcClient    : [1679618907514_127.0.0.1_52781]Ignore complete event,isRunning:false,isAbandon=false
2023-03-24 09:36:45.872  INFO 79492 --- [Thread-214] c.a.n.c.remote.client.grpc.GrpcClient    : Shutdown grpc executor java.util.concurrent.ThreadPoolExecutor@41bf2181[Running, pool size = 5, active threads = 0, queued tasks = 0, completed tasks = 598]
2023-03-24 09:36:45.883  INFO 79492 --- [Thread-214] com.alibaba.druid.pool.DruidDataSource   : {dataSource-11} closing ...
2023-03-24 09:36:45.885  INFO 79492 --- [Thread-214] com.alibaba.druid.pool.DruidDataSource   : {dataSource-11} closed
2023-03-24 09:36:46.981  INFO 79492 --- [restartedMain] com.hncj.TestApplication                 : Starting TestApplication using Java 1.8.0_291 on 新哥御用 with PID 79492 (C:\Users\14501\Desktop\Java web\项目\League management\example\target\classes started by 14501 in C:\Users\14501\Desktop\Java web\项目\League management)
2023-03-24 09:36:46.982  INFO 79492 --- [restartedMain] com.hncj.TestApplication                 : No active profile set, falling back to 1 default profile: "default"
2023-03-24 09:36:46.988  INFO 79492 --- [restartedMain] c.a.c.n.c.NacosConfigDataLoader          : [Nacos Config] Load config[dataId=common.yaml, group=DEFAULT_GROUP] success
2023-03-24 09:36:47.271  WARN 79492 --- [Thread-5] c.a.n.common.http.HttpClientBeanHolder   : [HttpClientBeanHolder] Start destroying common HttpClient
2023-03-24 09:36:47.269  WARN 79492 --- [Thread-8] c.a.nacos.common.notify.NotifyCenter     : [NotifyCenter] Start destroying Publisher
2023-03-24 09:36:47.273  WARN 79492 --- [Thread-8] c.a.nacos.common.notify.NotifyCenter     : [NotifyCenter] Destruction of the end
2023-03-24 09:36:47.275  WARN 79492 --- [Thread-5] c.a.n.common.http.HttpClientBeanHolder   : [HttpClientBeanHolder] Destruction of the end
2023-03-24 09:36:47.783  INFO 79492 --- [restartedMain] o.s.cloud.context.scope.GenericScope     : BeanFactory id=b0c71e4f-e732-35dd-b60b-cd9e63c1b360
2023-03-24 09:36:47.955  INFO 79492 --- [restartedMain] o.s.b.w.embedded.tomcat.TomcatWebServer  : Tomcat initialized with port(s): 9090 (http)
2023-03-24 09:36:47.983  INFO 79492 --- [restartedMain] w.s.c.ServletWebServerApplicationContext : Root WebApplicationContext: initialization completed in 995 ms
2023-03-24 09:36:48.018  INFO 79492 --- [restartedMain] c.a.d.s.b.a.DruidDataSourceAutoConfigure : Init DruidDataSource
2023-03-24 09:36:48.042  INFO 79492 --- [restartedMain] com.alibaba.druid.pool.DruidDataSource   : {dataSource-12} inited
2023-03-24 09:36:48.384  INFO 79492 --- [restartedMain] o.s.b.d.a.OptionalLiveReloadServer       : LiveReload server is running on port 35729
2023-03-24 09:36:48.387  INFO 79492 --- [restartedMain] o.s.c.openfeign.FeignClientFactoryBean   : For 'hello' URL not provided. Will try picking an instance via load-balancing.
2023-03-24 09:36:48.559  INFO 79492 --- [restartedMain] c.a.c.sentinel.SentinelWebMvcConfigurer  : [Sentinel Starter] register SentinelWebInterceptor with urlPatterns: [/**].
2023-03-24 09:36:53.310  WARN 79492 --- [restartedMain] iguration$LoadBalancerCaffeineWarnLogger : Spring Cloud LoadBalancer is currently working with the default cache. While this cache implementation is useful for development and tests, it's recommended to use Caffeine cache in production.You can switch to using Caffeine cache, by adding it and org.springframework.cache.caffeine.CaffeineCacheManager to the classpath.
2023-03-24 09:36:53.349  INFO 79492 --- [com.alibaba.nacos.client.Worker] com.alibaba.nacos.common.remote.client   : [RpcClientFactory] create a new rpc client of f7d2f03a-3b91-445d-b934-a7a875aa2665_config-0
2023-03-24 09:36:53.349  INFO 79492 --- [com.alibaba.nacos.client.Worker] com.alibaba.nacos.common.remote.client   : [f7d2f03a-3b91-445d-b934-a7a875aa2665_config-0] RpcClient init label, labels = {module=config, Vipserver-Tag=null, source=sdk, Amory-Tag=null, Location-Tag=null, taskId=0, AppName=unknown}
2023-03-24 09:36:53.349  INFO 79492 --- [com.alibaba.nacos.client.Worker] com.alibaba.nacos.common.remote.client   : [f7d2f03a-3b91-445d-b934-a7a875aa2665_config-0] Register server push request handler:com.alibaba.nacos.client.config.impl.ClientWorker$ConfigRpcTransportClient$$Lambda$171/180718982
2023-03-24 09:36:53.349  INFO 79492 --- [com.alibaba.nacos.client.Worker] com.alibaba.nacos.common.remote.client   : [f7d2f03a-3b91-445d-b934-a7a875aa2665_config-0] Register server push request handler:com.alibaba.nacos.client.config.impl.ClientWorker$ConfigRpcTransportClient$$Lambda$172/1978361584
2023-03-24 09:36:53.350  INFO 79492 --- [com.alibaba.nacos.client.Worker] com.alibaba.nacos.common.remote.client   : [f7d2f03a-3b91-445d-b934-a7a875aa2665_config-0] Registry connection listener to current client:com.alibaba.nacos.client.config.impl.ClientWorker$ConfigRpcTransportClient$1
2023-03-24 09:36:53.350  INFO 79492 --- [com.alibaba.nacos.client.Worker] com.alibaba.nacos.common.remote.client   : [f7d2f03a-3b91-445d-b934-a7a875aa2665_config-0] RpcClient init, ServerListFactory = com.alibaba.nacos.client.config.impl.ClientWorker$ConfigRpcTransportClient$2
2023-03-24 09:36:53.350  INFO 79492 --- [com.alibaba.nacos.client.Worker] com.alibaba.nacos.common.remote.client   : [f7d2f03a-3b91-445d-b934-a7a875aa2665_config-0] Try to connect to server on start up, server: {serverIp = 'localhost', server main port = 8848}
2023-03-24 09:36:53.518  INFO 79492 --- [com.alibaba.nacos.client.Worker] com.alibaba.nacos.common.remote.client   : [f7d2f03a-3b91-445d-b934-a7a875aa2665_config-0] Success to connect to server [localhost:8848] on start up, connectionId = 1679621813398_127.0.0.1_51904
2023-03-24 09:36:53.518  INFO 79492 --- [com.alibaba.nacos.client.Worker] com.alibaba.nacos.common.remote.client   : [f7d2f03a-3b91-445d-b934-a7a875aa2665_config-0] Register server push request handler:com.alibaba.nacos.common.remote.client.RpcClient$ConnectResetRequestHandler
2023-03-24 09:36:53.518  INFO 79492 --- [com.alibaba.nacos.client.Worker] com.alibaba.nacos.common.remote.client   : [f7d2f03a-3b91-445d-b934-a7a875aa2665_config-0] Register server push request handler:com.alibaba.nacos.common.remote.client.RpcClient$$Lambda$185/511714864
2023-03-24 09:36:53.519  INFO 79492 --- [com.alibaba.nacos.client.remote.worker] com.alibaba.nacos.common.remote.client   : [f7d2f03a-3b91-445d-b934-a7a875aa2665_config-0] Notify connected event to listeners.
2023-03-24 09:36:53.543  INFO 79492 --- [restartedMain] com.alibaba.nacos.common.remote.client   : [RpcClientFactory] create a new rpc client of f6761839-82b9-43dc-b148-c0f3f6ed2cb5
2023-03-24 09:36:53.544  INFO 79492 --- [restartedMain] com.alibaba.nacos.common.remote.client   : [f6761839-82b9-43dc-b148-c0f3f6ed2cb5] RpcClient init label, labels = {module=naming, source=sdk}
2023-03-24 09:36:53.545  INFO 79492 --- [restartedMain] com.alibaba.nacos.common.remote.client   : [f6761839-82b9-43dc-b148-c0f3f6ed2cb5] RpcClient init, ServerListFactory = com.alibaba.nacos.client.naming.core.ServerListManager
2023-03-24 09:36:53.546  INFO 79492 --- [restartedMain] com.alibaba.nacos.common.remote.client   : [f6761839-82b9-43dc-b148-c0f3f6ed2cb5] Registry connection listener to current client:com.alibaba.nacos.client.naming.remote.gprc.redo.NamingGrpcRedoService
2023-03-24 09:36:53.546  INFO 79492 --- [restartedMain] com.alibaba.nacos.common.remote.client   : [f6761839-82b9-43dc-b148-c0f3f6ed2cb5] Register server push request handler:com.alibaba.nacos.client.naming.remote.gprc.NamingPushRequestHandler
2023-03-24 09:36:53.546  INFO 79492 --- [restartedMain] com.alibaba.nacos.common.remote.client   : [f6761839-82b9-43dc-b148-c0f3f6ed2cb5] Try to connect to server on start up, server: {serverIp = 'localhost', server main port = 8848}
2023-03-24 09:36:53.658  INFO 79492 --- [restartedMain] com.alibaba.nacos.common.remote.client   : [f6761839-82b9-43dc-b148-c0f3f6ed2cb5] Success to connect to server [localhost:8848] on start up, connectionId = 1679621813552_127.0.0.1_51907
2023-03-24 09:36:53.658  INFO 79492 --- [restartedMain] com.alibaba.nacos.common.remote.client   : [f6761839-82b9-43dc-b148-c0f3f6ed2cb5] Register server push request handler:com.alibaba.nacos.common.remote.client.RpcClient$ConnectResetRequestHandler
2023-03-24 09:36:53.658  INFO 79492 --- [com.alibaba.nacos.client.remote.worker] com.alibaba.nacos.common.remote.client   : [f6761839-82b9-43dc-b148-c0f3f6ed2cb5] Notify connected event to listeners.
2023-03-24 09:36:53.658  INFO 79492 --- [restartedMain] com.alibaba.nacos.common.remote.client   : [f6761839-82b9-43dc-b148-c0f3f6ed2cb5] Register server push request handler:com.alibaba.nacos.common.remote.client.RpcClient$$Lambda$185/511714864
2023-03-24 09:36:53.666  INFO 79492 --- [restartedMain] o.s.b.w.embedded.tomcat.TomcatWebServer  : Tomcat started on port(s): 9090 (http) with context path ''
2023-03-24 09:36:53.670  INFO 79492 --- [restartedMain] c.a.c.n.registry.NacosServiceRegistry    : nacos registry, DEFAULT_GROUP test 192.168.198.1:9090 register finished
2023-03-24 09:36:54.073  INFO 79492 --- [restartedMain] com.hncj.TestApplication                 : Started TestApplication in 7.579 seconds (JVM running for 49222.64)
2023-03-24 09:36:54.075  INFO 79492 --- [restartedMain] c.a.c.n.refresh.NacosContextRefresher    : [Nacos Config] Listening config: dataId=common.yaml, group=DEFAULT_GROUP
2023-03-24 09:36:54.078  INFO 79492 --- [restartedMain] .ConditionEvaluationDeltaLoggingListener : Condition evaluation delta:


==========================
CONDITION EVALUATION DELTA
==========================


Positive matches:
-----------------

    None


Negative matches:
-----------------

    None


Exclusions:
-----------

    None


Unconditional classes:
----------------------

    com.dftdlaMp.util.MyMetaObjectHandler



2023-03-24 09:36:54.248  INFO 79492 --- [nacos-grpc-client-executor-5] com.alibaba.nacos.common.remote.client   : [f6761839-82b9-43dc-b148-c0f3f6ed2cb5] Receive server push request, request = NotifySubscriberRequest, requestId = 637
2023-03-24 09:36:54.249  INFO 79492 --- [nacos-grpc-client-executor-5] com.alibaba.nacos.common.remote.client   : [f6761839-82b9-43dc-b148-c0f3f6ed2cb5] Ack server push request, request = NotifySubscriberRequest, requestId = 637
2023-03-24 09:36:54.334  INFO 79492 --- [SpringApplicationShutdownHook] c.a.c.n.registry.NacosServiceRegistry    : De-registering from Nacos Server now...
2023-03-24 09:36:54.336  INFO 79492 --- [SpringApplicationShutdownHook] c.a.c.n.registry.NacosServiceRegistry    : De-registration finished.
2023-03-24 09:36:54.669  INFO 79492 --- [SpringApplicationShutdownHook] com.alibaba.nacos.common.remote.client   : Shutdown rpc client, set status to shutdown
2023-03-24 09:36:54.669  INFO 79492 --- [SpringApplicationShutdownHook] com.alibaba.nacos.common.remote.client   : Shutdown client event executor java.util.concurrent.ScheduledThreadPoolExecutor@a7900d[Running, pool size = 2, active threads = 2, queued tasks = 0, completed tasks = 0]
2023-03-24 09:36:54.669  INFO 79492 --- [SpringApplicationShutdownHook] com.alibaba.nacos.common.remote.client   : Close current connection 1679621813552_127.0.0.1_51907
2023-03-24 09:36:54.669  INFO 79492 --- [SpringApplicationShutdownHook] c.a.n.c.remote.client.grpc.GrpcClient    : Shutdown grpc executor java.util.concurrent.ThreadPoolExecutor@5d372142[Running, pool size = 8, active threads = 0, queued tasks = 0, completed tasks = 8]
2023-03-24 09:36:54.673  INFO 79492 --- [SpringApplicationShutdownHook] com.alibaba.druid.pool.DruidDataSource   : {dataSource-12} closing ...
2023-03-24 09:36:54.674  INFO 79492 --- [SpringApplicationShutdownHook] com.alibaba.druid.pool.DruidDataSource   : {dataSource-12} closed
