03-24 11:14:29:171  INFO 88524 --- [restartedMain] com.hncj.gateway.GatewayApplication      : Starting GatewayApplication using Java 1.8.0_291 on 新哥御用 with PID 88524 (C:\Users\14501\Desktop\Java web\项目\League management\gateway\target\classes started by 14501 in C:\Users\14501\Desktop\Java web\项目\League management)
03-24 11:14:29:178  INFO 88524 --- [restartedMain] com.hncj.gateway.GatewayApplication      : No active profile set, falling back to 1 default profile: "default"
03-24 11:14:29:279  INFO 88524 --- [restartedMain] .e.DevToolsPropertyDefaultsPostProcessor : Devtools property defaults active! Set 'spring.devtools.add-properties' to 'false' to disable
03-24 11:14:29:280  INFO 88524 --- [restartedMain] .e.DevToolsPropertyDefaultsPostProcessor : For additional web related logging consider setting the 'logging.level.web' property to 'DEBUG'
03-24 11:14:32:742  INFO 88524 --- [restartedMain] o.s.cloud.context.scope.GenericScope     : BeanFactory id=1e788ac7-f297-31f4-bb94-a47b4a600297
03-24 11:14:34:016  INFO 88524 --- [restartedMain] trationDelegate$BeanPostProcessorChecker : Bean 'org.springframework.cloud.client.loadbalancer.reactive.LoadBalancerBeanPostProcessorAutoConfiguration' of type [org.springframework.cloud.client.loadbalancer.reactive.LoadBalancerBeanPostProcessorAutoConfiguration] is not eligible for getting processed by all BeanPostProcessors (for example: not eligible for auto-proxying)
03-24 11:14:34:020  INFO 88524 --- [restartedMain] trationDelegate$BeanPostProcessorChecker : Bean 'org.springframework.cloud.client.loadbalancer.reactive.LoadBalancerBeanPostProcessorAutoConfiguration$ReactorDeferringLoadBalancerFilterConfig' of type [org.springframework.cloud.client.loadbalancer.reactive.LoadBalancerBeanPostProcessorAutoConfiguration$ReactorDeferringLoadBalancerFilterConfig] is not eligible for getting processed by all BeanPostProcessors (for example: not eligible for auto-proxying)
03-24 11:14:34:024  INFO 88524 --- [restartedMain] trationDelegate$BeanPostProcessorChecker : Bean 'reactorDeferringLoadBalancerExchangeFilterFunction' of type [org.springframework.cloud.client.loadbalancer.reactive.DeferringLoadBalancerExchangeFilterFunction] is not eligible for getting processed by all BeanPostProcessors (for example: not eligible for auto-proxying)
03-24 11:14:39:347  INFO 88524 --- [restartedMain] o.s.c.g.r.RouteDefinitionRouteLocator    : Loaded RoutePredicateFactory [After]
03-24 11:14:39:347  INFO 88524 --- [restartedMain] o.s.c.g.r.RouteDefinitionRouteLocator    : Loaded RoutePredicateFactory [Before]
03-24 11:14:39:347  INFO 88524 --- [restartedMain] o.s.c.g.r.RouteDefinitionRouteLocator    : Loaded RoutePredicateFactory [Between]
03-24 11:14:39:347  INFO 88524 --- [restartedMain] o.s.c.g.r.RouteDefinitionRouteLocator    : Loaded RoutePredicateFactory [Cookie]
03-24 11:14:39:347  INFO 88524 --- [restartedMain] o.s.c.g.r.RouteDefinitionRouteLocator    : Loaded RoutePredicateFactory [Header]
03-24 11:14:39:348  INFO 88524 --- [restartedMain] o.s.c.g.r.RouteDefinitionRouteLocator    : Loaded RoutePredicateFactory [Host]
03-24 11:14:39:348  INFO 88524 --- [restartedMain] o.s.c.g.r.RouteDefinitionRouteLocator    : Loaded RoutePredicateFactory [Method]
03-24 11:14:39:348  INFO 88524 --- [restartedMain] o.s.c.g.r.RouteDefinitionRouteLocator    : Loaded RoutePredicateFactory [Path]
03-24 11:14:39:348  INFO 88524 --- [restartedMain] o.s.c.g.r.RouteDefinitionRouteLocator    : Loaded RoutePredicateFactory [Query]
03-24 11:14:39:348  INFO 88524 --- [restartedMain] o.s.c.g.r.RouteDefinitionRouteLocator    : Loaded RoutePredicateFactory [ReadBody]
03-24 11:14:39:348  INFO 88524 --- [restartedMain] o.s.c.g.r.RouteDefinitionRouteLocator    : Loaded RoutePredicateFactory [RemoteAddr]
03-24 11:14:39:348  INFO 88524 --- [restartedMain] o.s.c.g.r.RouteDefinitionRouteLocator    : Loaded RoutePredicateFactory [XForwardedRemoteAddr]
03-24 11:14:39:348  INFO 88524 --- [restartedMain] o.s.c.g.r.RouteDefinitionRouteLocator    : Loaded RoutePredicateFactory [Weight]
03-24 11:14:39:348  INFO 88524 --- [restartedMain] o.s.c.g.r.RouteDefinitionRouteLocator    : Loaded RoutePredicateFactory [CloudFoundryRouteService]
03-24 11:14:39:607  INFO 88524 --- [restartedMain] c.a.c.s.SentinelWebFluxAutoConfiguration : [Sentinel Starter] register Sentinel SentinelWebFluxFilter
03-24 11:14:43:303  INFO 88524 --- [restartedMain] o.s.b.d.a.OptionalLiveReloadServer       : LiveReload server is running on port 35729
03-24 11:14:43:364  WARN 88524 --- [restartedMain] iguration$LoadBalancerCaffeineWarnLogger : Spring Cloud LoadBalancer is currently working with the default cache. While this cache implementation is useful for development and tests, it's recommended to use Caffeine cache in production.You can switch to using Caffeine cache, by adding it and org.springframework.cache.caffeine.CaffeineCacheManager to the classpath.
03-24 11:14:43:406  INFO 88524 --- [restartedMain] com.alibaba.nacos.common.remote.client   : [RpcClientFactory] create a new rpc client of 06129afd-c0c0-44a4-9dd8-7e3dd660f96e_config-0
03-24 11:14:43:465  INFO 88524 --- [restartedMain] org.reflections.Reflections              : Reflections took 36 ms to scan 1 urls, producing 3 keys and 6 values 
03-24 11:14:43:502  INFO 88524 --- [restartedMain] org.reflections.Reflections              : Reflections took 16 ms to scan 1 urls, producing 4 keys and 9 values 
03-24 11:14:43:524  INFO 88524 --- [restartedMain] org.reflections.Reflections              : Reflections took 17 ms to scan 1 urls, producing 3 keys and 10 values 
03-24 11:14:43:695  INFO 88524 --- [restartedMain] org.reflections.Reflections              : Reflections took 164 ms to scan 135 urls, producing 0 keys and 0 values 
03-24 11:14:43:723  INFO 88524 --- [restartedMain] org.reflections.Reflections              : Reflections took 27 ms to scan 1 urls, producing 1 keys and 5 values 
03-24 11:14:43:737  INFO 88524 --- [restartedMain] org.reflections.Reflections              : Reflections took 9 ms to scan 1 urls, producing 1 keys and 7 values 
03-24 11:14:43:756  INFO 88524 --- [restartedMain] org.reflections.Reflections              : Reflections took 13 ms to scan 1 urls, producing 2 keys and 8 values 
03-24 11:14:44:190  INFO 88524 --- [restartedMain] org.reflections.Reflections              : Reflections took 428 ms to scan 135 urls, producing 0 keys and 0 values 
03-24 11:14:44:193  INFO 88524 --- [restartedMain] com.alibaba.nacos.common.remote.client   : [06129afd-c0c0-44a4-9dd8-7e3dd660f96e_config-0] RpcClient init label, labels = {module=config, Vipserver-Tag=null, source=sdk, Amory-Tag=null, Location-Tag=null, taskId=0, AppName=unknown}
03-24 11:14:44:210  INFO 88524 --- [restartedMain] com.alibaba.nacos.common.remote.client   : [06129afd-c0c0-44a4-9dd8-7e3dd660f96e_config-0] Register server push request handler:com.alibaba.nacos.client.config.impl.ClientWorker$ConfigRpcTransportClient$$Lambda$679/316951104
03-24 11:14:44:212  INFO 88524 --- [restartedMain] com.alibaba.nacos.common.remote.client   : [06129afd-c0c0-44a4-9dd8-7e3dd660f96e_config-0] Register server push request handler:com.alibaba.nacos.client.config.impl.ClientWorker$ConfigRpcTransportClient$$Lambda$680/682586822
03-24 11:14:44:214  INFO 88524 --- [restartedMain] com.alibaba.nacos.common.remote.client   : [06129afd-c0c0-44a4-9dd8-7e3dd660f96e_config-0] Registry connection listener to current client:com.alibaba.nacos.client.config.impl.ClientWorker$ConfigRpcTransportClient$1
03-24 11:14:44:216  INFO 88524 --- [restartedMain] com.alibaba.nacos.common.remote.client   : [06129afd-c0c0-44a4-9dd8-7e3dd660f96e_config-0] RpcClient init, ServerListFactory = com.alibaba.nacos.client.config.impl.ClientWorker$ConfigRpcTransportClient$2
03-24 11:14:44:297  INFO 88524 --- [restartedMain] com.alibaba.nacos.common.remote.client   : [06129afd-c0c0-44a4-9dd8-7e3dd660f96e_config-0] Try to connect to server on start up, server: {serverIp = 'localhost', server main port = 8848}
03-24 11:14:52:074  INFO 88524 --- [restartedMain] com.alibaba.nacos.common.remote.client   : [06129afd-c0c0-44a4-9dd8-7e3dd660f96e_config-0] Success to connect to server [localhost:8848] on start up, connectionId = 1679627691718_127.0.0.1_60614
03-24 11:14:52:104  INFO 88524 --- [com.alibaba.nacos.client.remote.worker] com.alibaba.nacos.common.remote.client   : [06129afd-c0c0-44a4-9dd8-7e3dd660f96e_config-0] Notify connected event to listeners.
03-24 11:14:52:105  INFO 88524 --- [restartedMain] com.alibaba.nacos.common.remote.client   : [06129afd-c0c0-44a4-9dd8-7e3dd660f96e_config-0] Register server push request handler:com.alibaba.nacos.common.remote.client.RpcClient$ConnectResetRequestHandler
03-24 11:14:52:107  INFO 88524 --- [restartedMain] com.alibaba.nacos.common.remote.client   : [06129afd-c0c0-44a4-9dd8-7e3dd660f96e_config-0] Register server push request handler:com.alibaba.nacos.common.remote.client.RpcClient$$Lambda$688/163231991
03-24 11:14:52:258  INFO 88524 --- [restartedMain] c.a.c.s.d.converter.SentinelConverter    : converter can not convert rules because source is empty
03-24 11:14:52:506  INFO 88524 --- [restartedMain] com.alibaba.nacos.common.remote.client   : [RpcClientFactory] create a new rpc client of 39852761-f4e0-43f7-b201-abf6734c27bc
03-24 11:14:52:506  INFO 88524 --- [restartedMain] com.alibaba.nacos.common.remote.client   : [39852761-f4e0-43f7-b201-abf6734c27bc] RpcClient init label, labels = {module=naming, source=sdk}
03-24 11:14:52:510  INFO 88524 --- [restartedMain] com.alibaba.nacos.common.remote.client   : [39852761-f4e0-43f7-b201-abf6734c27bc] RpcClient init, ServerListFactory = com.alibaba.nacos.client.naming.core.ServerListManager
03-24 11:14:52:510  INFO 88524 --- [restartedMain] com.alibaba.nacos.common.remote.client   : [39852761-f4e0-43f7-b201-abf6734c27bc] Registry connection listener to current client:com.alibaba.nacos.client.naming.remote.gprc.redo.NamingGrpcRedoService
03-24 11:14:52:511  INFO 88524 --- [restartedMain] com.alibaba.nacos.common.remote.client   : [39852761-f4e0-43f7-b201-abf6734c27bc] Register server push request handler:com.alibaba.nacos.client.naming.remote.gprc.NamingPushRequestHandler
03-24 11:14:52:511  INFO 88524 --- [restartedMain] com.alibaba.nacos.common.remote.client   : [39852761-f4e0-43f7-b201-abf6734c27bc] Try to connect to server on start up, server: {serverIp = 'localhost', server main port = 8848}
03-24 11:14:52:645  INFO 88524 --- [restartedMain] com.alibaba.nacos.common.remote.client   : [39852761-f4e0-43f7-b201-abf6734c27bc] Success to connect to server [localhost:8848] on start up, connectionId = 1679627692524_127.0.0.1_60617
03-24 11:14:52:646  INFO 88524 --- [com.alibaba.nacos.client.remote.worker] com.alibaba.nacos.common.remote.client   : [39852761-f4e0-43f7-b201-abf6734c27bc] Notify connected event to listeners.
03-24 11:14:52:646  INFO 88524 --- [restartedMain] com.alibaba.nacos.common.remote.client   : [39852761-f4e0-43f7-b201-abf6734c27bc] Register server push request handler:com.alibaba.nacos.common.remote.client.RpcClient$ConnectResetRequestHandler
03-24 11:14:52:647  INFO 88524 --- [restartedMain] com.alibaba.nacos.common.remote.client   : [39852761-f4e0-43f7-b201-abf6734c27bc] Register server push request handler:com.alibaba.nacos.common.remote.client.RpcClient$$Lambda$688/163231991
03-24 11:14:53:209  INFO 88524 --- [nacos-grpc-client-executor-4] com.alibaba.nacos.common.remote.client   : [39852761-f4e0-43f7-b201-abf6734c27bc] Receive server push request, request = NotifySubscriberRequest, requestId = 4
03-24 11:14:53:210  INFO 88524 --- [nacos-grpc-client-executor-4] com.alibaba.nacos.common.remote.client   : [39852761-f4e0-43f7-b201-abf6734c27bc] Ack server push request, request = NotifySubscriberRequest, requestId = 4
03-24 11:14:53:677  INFO 88524 --- [restartedMain] o.s.b.web.embedded.netty.NettyWebServer  : Netty started on port 10010
03-24 11:14:54:433  INFO 88524 --- [restartedMain] c.a.c.n.registry.NacosServiceRegistry    : nacos registry, DEFAULT_GROUP gateway 192.168.198.1:10010 register finished
03-24 11:14:54:455  INFO 88524 --- [restartedMain] com.hncj.gateway.GatewayApplication      : Started GatewayApplication in 28.075 seconds (JVM running for 29.241)
03-24 11:14:54:942  INFO 88524 --- [nacos-grpc-client-executor-9] com.alibaba.nacos.common.remote.client   : [39852761-f4e0-43f7-b201-abf6734c27bc] Receive server push request, request = NotifySubscriberRequest, requestId = 5
03-24 11:14:54:951  INFO 88524 --- [nacos-grpc-client-executor-9] com.alibaba.nacos.common.remote.client   : [39852761-f4e0-43f7-b201-abf6734c27bc] Ack server push request, request = NotifySubscriberRequest, requestId = 5
03-24 11:15:09:066  INFO 88524 --- [File Watcher] rtingClassPathChangeChangedEventListener : Restarting due to 1 class path change (0 additions, 0 deletions, 1 modification)
03-24 11:15:09:174  INFO 88524 --- [Thread-24] c.a.c.n.registry.NacosServiceRegistry    : De-registering from Nacos Server now...
03-24 11:15:09:238  INFO 88524 --- [Thread-24] c.a.c.n.registry.NacosServiceRegistry    : De-registration finished.
03-24 11:15:09:651  INFO 88524 --- [Thread-24] com.alibaba.nacos.common.remote.client   : Shutdown rpc client, set status to shutdown
03-24 11:15:09:651  INFO 88524 --- [Thread-24] com.alibaba.nacos.common.remote.client   : Shutdown client event executor java.util.concurrent.ScheduledThreadPoolExecutor@36ff70e2[Running, pool size = 2, active threads = 2, queued tasks = 0, completed tasks = 0]
03-24 11:15:09:652  INFO 88524 --- [Thread-24] com.alibaba.nacos.common.remote.client   : Close current connection 1679627692524_127.0.0.1_60617
03-24 11:15:09:699  INFO 88524 --- [nacos-grpc-client-executor-14] c.a.n.c.remote.client.grpc.GrpcClient    : [1679627692524_127.0.0.1_60617]Ignore complete event,isRunning:false,isAbandon=false
03-24 11:15:09:704  INFO 88524 --- [Thread-24] c.a.n.c.remote.client.grpc.GrpcClient    : Shutdown grpc executor java.util.concurrent.ThreadPoolExecutor@646a6db3[Running, pool size = 5, active threads = 0, queued tasks = 0, completed tasks = 15]
03-24 11:15:13:322  INFO 88524 --- [restartedMain] com.hncj.gateway.GatewayApplication      : Starting GatewayApplication using Java 1.8.0_291 on 新哥御用 with PID 88524 (C:\Users\14501\Desktop\Java web\项目\League management\gateway\target\classes started by 14501 in C:\Users\14501\Desktop\Java web\项目\League management)
03-24 11:15:13:322  INFO 88524 --- [restartedMain] com.hncj.gateway.GatewayApplication      : No active profile set, falling back to 1 default profile: "default"
03-24 11:15:13:873  INFO 88524 --- [restartedMain] o.s.cloud.context.scope.GenericScope     : BeanFactory id=1e788ac7-f297-31f4-bb94-a47b4a600297
03-24 11:15:13:894  INFO 88524 --- [restartedMain] trationDelegate$BeanPostProcessorChecker : Bean 'org.springframework.cloud.client.loadbalancer.reactive.LoadBalancerBeanPostProcessorAutoConfiguration' of type [org.springframework.cloud.client.loadbalancer.reactive.LoadBalancerBeanPostProcessorAutoConfiguration] is not eligible for getting processed by all BeanPostProcessors (for example: not eligible for auto-proxying)
03-24 11:15:13:895  INFO 88524 --- [restartedMain] trationDelegate$BeanPostProcessorChecker : Bean 'org.springframework.cloud.client.loadbalancer.reactive.LoadBalancerBeanPostProcessorAutoConfiguration$ReactorDeferringLoadBalancerFilterConfig' of type [org.springframework.cloud.client.loadbalancer.reactive.LoadBalancerBeanPostProcessorAutoConfiguration$ReactorDeferringLoadBalancerFilterConfig] is not eligible for getting processed by all BeanPostProcessors (for example: not eligible for auto-proxying)
03-24 11:15:13:896  INFO 88524 --- [restartedMain] trationDelegate$BeanPostProcessorChecker : Bean 'reactorDeferringLoadBalancerExchangeFilterFunction' of type [org.springframework.cloud.client.loadbalancer.reactive.DeferringLoadBalancerExchangeFilterFunction] is not eligible for getting processed by all BeanPostProcessors (for example: not eligible for auto-proxying)
03-24 11:15:16:954  INFO 88524 --- [restartedMain] o.s.c.g.r.RouteDefinitionRouteLocator    : Loaded RoutePredicateFactory [After]
03-24 11:15:16:955  INFO 88524 --- [restartedMain] o.s.c.g.r.RouteDefinitionRouteLocator    : Loaded RoutePredicateFactory [Before]
03-24 11:15:16:955  INFO 88524 --- [restartedMain] o.s.c.g.r.RouteDefinitionRouteLocator    : Loaded RoutePredicateFactory [Between]
03-24 11:15:16:955  INFO 88524 --- [restartedMain] o.s.c.g.r.RouteDefinitionRouteLocator    : Loaded RoutePredicateFactory [Cookie]
03-24 11:15:16:955  INFO 88524 --- [restartedMain] o.s.c.g.r.RouteDefinitionRouteLocator    : Loaded RoutePredicateFactory [Header]
03-24 11:15:16:955  INFO 88524 --- [restartedMain] o.s.c.g.r.RouteDefinitionRouteLocator    : Loaded RoutePredicateFactory [Host]
03-24 11:15:16:956  INFO 88524 --- [restartedMain] o.s.c.g.r.RouteDefinitionRouteLocator    : Loaded RoutePredicateFactory [Method]
03-24 11:15:16:956  INFO 88524 --- [restartedMain] o.s.c.g.r.RouteDefinitionRouteLocator    : Loaded RoutePredicateFactory [Path]
03-24 11:15:16:956  INFO 88524 --- [restartedMain] o.s.c.g.r.RouteDefinitionRouteLocator    : Loaded RoutePredicateFactory [Query]
03-24 11:15:16:956  INFO 88524 --- [restartedMain] o.s.c.g.r.RouteDefinitionRouteLocator    : Loaded RoutePredicateFactory [ReadBody]
03-24 11:15:16:956  INFO 88524 --- [restartedMain] o.s.c.g.r.RouteDefinitionRouteLocator    : Loaded RoutePredicateFactory [RemoteAddr]
03-24 11:15:16:956  INFO 88524 --- [restartedMain] o.s.c.g.r.RouteDefinitionRouteLocator    : Loaded RoutePredicateFactory [XForwardedRemoteAddr]
03-24 11:15:16:956  INFO 88524 --- [restartedMain] o.s.c.g.r.RouteDefinitionRouteLocator    : Loaded RoutePredicateFactory [Weight]
03-24 11:15:16:956  INFO 88524 --- [restartedMain] o.s.c.g.r.RouteDefinitionRouteLocator    : Loaded RoutePredicateFactory [CloudFoundryRouteService]
03-24 11:15:17:096  INFO 88524 --- [restartedMain] c.a.c.s.SentinelWebFluxAutoConfiguration : [Sentinel Starter] register Sentinel SentinelWebFluxFilter
03-24 11:15:18:180  INFO 88524 --- [restartedMain] o.s.b.d.a.OptionalLiveReloadServer       : LiveReload server is running on port 35729
03-24 11:15:18:255  WARN 88524 --- [restartedMain] iguration$LoadBalancerCaffeineWarnLogger : Spring Cloud LoadBalancer is currently working with the default cache. While this cache implementation is useful for development and tests, it's recommended to use Caffeine cache in production.You can switch to using Caffeine cache, by adding it and org.springframework.cache.caffeine.CaffeineCacheManager to the classpath.
03-24 11:15:18:272  INFO 88524 --- [restartedMain] com.alibaba.nacos.common.remote.client   : [RpcClientFactory] create a new rpc client of 4b1840c8-8dbb-4313-bb8e-5326b24cf4df_config-0
03-24 11:15:18:272  INFO 88524 --- [restartedMain] com.alibaba.nacos.common.remote.client   : [4b1840c8-8dbb-4313-bb8e-5326b24cf4df_config-0] RpcClient init label, labels = {module=config, Vipserver-Tag=null, source=sdk, Amory-Tag=null, Location-Tag=null, taskId=0, AppName=unknown}
03-24 11:15:18:272  INFO 88524 --- [restartedMain] com.alibaba.nacos.common.remote.client   : [4b1840c8-8dbb-4313-bb8e-5326b24cf4df_config-0] Register server push request handler:com.alibaba.nacos.client.config.impl.ClientWorker$ConfigRpcTransportClient$$Lambda$679/316951104
03-24 11:15:18:272  INFO 88524 --- [restartedMain] com.alibaba.nacos.common.remote.client   : [4b1840c8-8dbb-4313-bb8e-5326b24cf4df_config-0] Register server push request handler:com.alibaba.nacos.client.config.impl.ClientWorker$ConfigRpcTransportClient$$Lambda$680/682586822
03-24 11:15:18:272  INFO 88524 --- [restartedMain] com.alibaba.nacos.common.remote.client   : [4b1840c8-8dbb-4313-bb8e-5326b24cf4df_config-0] Registry connection listener to current client:com.alibaba.nacos.client.config.impl.ClientWorker$ConfigRpcTransportClient$1
03-24 11:15:18:272  INFO 88524 --- [restartedMain] com.alibaba.nacos.common.remote.client   : [4b1840c8-8dbb-4313-bb8e-5326b24cf4df_config-0] RpcClient init, ServerListFactory = com.alibaba.nacos.client.config.impl.ClientWorker$ConfigRpcTransportClient$2
03-24 11:15:18:273  INFO 88524 --- [restartedMain] com.alibaba.nacos.common.remote.client   : [4b1840c8-8dbb-4313-bb8e-5326b24cf4df_config-0] Try to connect to server on start up, server: {serverIp = 'localhost', server main port = 8848}
03-24 11:15:18:390  INFO 88524 --- [restartedMain] com.alibaba.nacos.common.remote.client   : [4b1840c8-8dbb-4313-bb8e-5326b24cf4df_config-0] Success to connect to server [localhost:8848] on start up, connectionId = 1679627718281_127.0.0.1_60768
03-24 11:15:18:390  INFO 88524 --- [restartedMain] com.alibaba.nacos.common.remote.client   : [4b1840c8-8dbb-4313-bb8e-5326b24cf4df_config-0] Register server push request handler:com.alibaba.nacos.common.remote.client.RpcClient$ConnectResetRequestHandler
03-24 11:15:18:390  INFO 88524 --- [com.alibaba.nacos.client.remote.worker] com.alibaba.nacos.common.remote.client   : [4b1840c8-8dbb-4313-bb8e-5326b24cf4df_config-0] Notify connected event to listeners.
03-24 11:15:18:391  INFO 88524 --- [restartedMain] com.alibaba.nacos.common.remote.client   : [4b1840c8-8dbb-4313-bb8e-5326b24cf4df_config-0] Register server push request handler:com.alibaba.nacos.common.remote.client.RpcClient$$Lambda$688/163231991
03-24 11:15:18:412  INFO 88524 --- [restartedMain] c.a.c.s.d.converter.SentinelConverter    : converter can not convert rules because source is empty
03-24 11:15:18:454  INFO 88524 --- [restartedMain] com.alibaba.nacos.common.remote.client   : [RpcClientFactory] create a new rpc client of ca7d1156-154f-4689-8f6c-6b1b81d2de6f
03-24 11:15:18:454  INFO 88524 --- [restartedMain] com.alibaba.nacos.common.remote.client   : [ca7d1156-154f-4689-8f6c-6b1b81d2de6f] RpcClient init label, labels = {module=naming, source=sdk}
03-24 11:15:18:454  INFO 88524 --- [restartedMain] com.alibaba.nacos.common.remote.client   : [ca7d1156-154f-4689-8f6c-6b1b81d2de6f] RpcClient init, ServerListFactory = com.alibaba.nacos.client.naming.core.ServerListManager
03-24 11:15:18:454  INFO 88524 --- [restartedMain] com.alibaba.nacos.common.remote.client   : [ca7d1156-154f-4689-8f6c-6b1b81d2de6f] Registry connection listener to current client:com.alibaba.nacos.client.naming.remote.gprc.redo.NamingGrpcRedoService
03-24 11:15:18:454  INFO 88524 --- [restartedMain] com.alibaba.nacos.common.remote.client   : [ca7d1156-154f-4689-8f6c-6b1b81d2de6f] Register server push request handler:com.alibaba.nacos.client.naming.remote.gprc.NamingPushRequestHandler
03-24 11:15:18:455  INFO 88524 --- [restartedMain] com.alibaba.nacos.common.remote.client   : [ca7d1156-154f-4689-8f6c-6b1b81d2de6f] Try to connect to server on start up, server: {serverIp = 'localhost', server main port = 8848}
03-24 11:15:18:628  INFO 88524 --- [restartedMain] com.alibaba.nacos.common.remote.client   : [ca7d1156-154f-4689-8f6c-6b1b81d2de6f] Success to connect to server [localhost:8848] on start up, connectionId = 1679627718490_127.0.0.1_60770
03-24 11:15:18:629  INFO 88524 --- [com.alibaba.nacos.client.remote.worker] com.alibaba.nacos.common.remote.client   : [ca7d1156-154f-4689-8f6c-6b1b81d2de6f] Notify connected event to listeners.
03-24 11:15:18:629  INFO 88524 --- [restartedMain] com.alibaba.nacos.common.remote.client   : [ca7d1156-154f-4689-8f6c-6b1b81d2de6f] Register server push request handler:com.alibaba.nacos.common.remote.client.RpcClient$ConnectResetRequestHandler
03-24 11:15:18:629  INFO 88524 --- [restartedMain] com.alibaba.nacos.common.remote.client   : [ca7d1156-154f-4689-8f6c-6b1b81d2de6f] Register server push request handler:com.alibaba.nacos.common.remote.client.RpcClient$$Lambda$688/163231991
03-24 11:15:18:654  INFO 88524 --- [restartedMain] o.s.b.web.embedded.netty.NettyWebServer  : Netty started on port 10010
03-24 11:15:19:226  INFO 88524 --- [nacos-grpc-client-executor-4] com.alibaba.nacos.common.remote.client   : [ca7d1156-154f-4689-8f6c-6b1b81d2de6f] Receive server push request, request = NotifySubscriberRequest, requestId = 7
03-24 11:15:19:226  INFO 88524 --- [nacos-grpc-client-executor-4] com.alibaba.nacos.common.remote.client   : [ca7d1156-154f-4689-8f6c-6b1b81d2de6f] Ack server push request, request = NotifySubscriberRequest, requestId = 7
03-24 11:15:19:859  INFO 88524 --- [restartedMain] c.a.c.n.registry.NacosServiceRegistry    : nacos registry, DEFAULT_GROUP gateway 192.168.198.1:10010 register finished
03-24 11:15:19:872  INFO 88524 --- [restartedMain] com.hncj.gateway.GatewayApplication      : Started GatewayApplication in 7.478 seconds (JVM running for 54.656)
03-24 11:15:19:875  INFO 88524 --- [restartedMain] .ConditionEvaluationDeltaLoggingListener : Condition evaluation unchanged
03-24 11:15:20:430  INFO 88524 --- [nacos-grpc-client-executor-8] com.alibaba.nacos.common.remote.client   : [ca7d1156-154f-4689-8f6c-6b1b81d2de6f] Receive server push request, request = NotifySubscriberRequest, requestId = 8
03-24 11:15:20:431  INFO 88524 --- [nacos-grpc-client-executor-8] com.alibaba.nacos.common.remote.client   : [ca7d1156-154f-4689-8f6c-6b1b81d2de6f] Ack server push request, request = NotifySubscriberRequest, requestId = 8
03-24 11:16:04:703  WARN 88524 --- [Thread-17] c.a.n.common.http.HttpClientBeanHolder   : [HttpClientBeanHolder] Start destroying common HttpClient
03-24 11:16:04:703  WARN 88524 --- [Thread-30] c.a.nacos.common.notify.NotifyCenter     : [NotifyCenter] Start destroying Publisher
03-24 11:16:04:704  WARN 88524 --- [Thread-30] c.a.nacos.common.notify.NotifyCenter     : [NotifyCenter] Destruction of the end
03-24 11:16:04:704  WARN 88524 --- [Thread-17] c.a.n.common.http.HttpClientBeanHolder   : [HttpClientBeanHolder] Destruction of the end
03-24 11:16:04:710  INFO 88524 --- [SpringApplicationShutdownHook] c.a.c.n.registry.NacosServiceRegistry    : De-registering from Nacos Server now...
03-24 11:16:04:713  INFO 88524 --- [SpringApplicationShutdownHook] c.a.c.n.registry.NacosServiceRegistry    : De-registration finished.
03-24 11:16:05:047  INFO 88524 --- [SpringApplicationShutdownHook] com.alibaba.nacos.common.remote.client   : Shutdown rpc client, set status to shutdown
03-24 11:16:05:047  INFO 88524 --- [SpringApplicationShutdownHook] com.alibaba.nacos.common.remote.client   : Shutdown client event executor java.util.concurrent.ScheduledThreadPoolExecutor@48a9bf43[Running, pool size = 2, active threads = 2, queued tasks = 0, completed tasks = 0]
03-24 11:16:05:047  INFO 88524 --- [SpringApplicationShutdownHook] com.alibaba.nacos.common.remote.client   : Close current connection 1679627718490_127.0.0.1_60770
03-24 11:16:05:047  INFO 88524 --- [SpringApplicationShutdownHook] c.a.n.c.remote.client.grpc.GrpcClient    : Shutdown grpc executor java.util.concurrent.ThreadPoolExecutor@31981c3f[Running, pool size = 7, active threads = 0, queued tasks = 0, completed tasks = 26]
